2026-04-12 15:02:00,551 [INFO] Added project: C:\Python
2026-04-12 15:02:31,948 [INFO] Added project: C:\Python\OpenVoice
2026-04-12 15:02:47,277 [INFO] Added project: C:\Python\Sickle_cell-Project
2026-04-12 15:03:26,472 [INFO] Added project: C:\Python\blood_smear_env
2026-04-12 15:03:40,291 [INFO] Added project: C:\Python\.venv
2026-04-12 15:04:03,443 [INFO] Added project: C:\Python\biomech_env
2026-04-12 15:04:30,561 [INFO] Added project: C:\Python\Jene
2026-04-12 15:04:51,023 [WARNING] No git repo found at: C:\Python
2026-04-12 15:04:51,023 [WARNING] Not a git repo (run 'git init' first): C:\Python
2026-04-12 15:04:51,054 [WARNING] No git repo found at: C:\Python\blood_smear_env
2026-04-12 15:04:51,054 [WARNING] Not a git repo (run 'git init' first): C:\Python\blood_smear_env
2026-04-12 15:04:51,054 [WARNING] No git repo found at: C:\Python\.venv
2026-04-12 15:04:51,054 [WARNING] Not a git repo (run 'git init' first): C:\Python\.venv
2026-04-12 15:04:51,059 [WARNING] No git repo found at: C:\Python\biomech_env
2026-04-12 15:04:51,059 [WARNING] Not a git repo (run 'git init' first): C:\Python\biomech_env
2026-04-12 15:04:51,059 [WARNING] No git repo found at: C:\Python\Jene
2026-04-12 15:04:51,059 [WARNING] Not a git repo (run 'git init' first): C:\Python\Jene
2026-04-12 15:04:51,249 [INFO]    20 source files | 3872 lines | Markdown(3), Python(17)
2026-04-12 15:04:51,271 [INFO]    1 source files | 1 lines | Markdown(1)
2026-04-12 15:04:51,284 [INFO]    Debounce: 30s | Auto-push: True
2026-04-12 15:04:51,284 [INFO]    Press Ctrl+C to stop.

2026-04-12 15:11:48,597 [INFO] [git init] Initialized repo at: C:\Python
2026-04-12 15:11:48,597 [INFO] [git init] Created default .gitignore
2026-05-06 10:12:59,610 [INFO] [SYNC] Committed: [auto-sync] initial commit - 6 files (Python(5), Markdown(1)) - 2026-05-06 10:12
2026-05-06 10:12:59,798 [WARNING] [SYNC] Push skipped for 'LinkedIn_bot': stderr: 'error: src refspec main does not match any
error: failed to push some refs to 'https://github.com/tanishq3480?tab=overview&from=2026-04-01&to=2026-04-12''
2026-05-06 10:13:02,981 [INFO] [WATCH] C:\Python\LinkedIn_bot
2026-05-06 10:13:02,985 [INFO]         6 files | 767 lines | Python(5), Markdown(1)
2026-05-06 10:13:02,998 [INFO] [WATCH] C:\Python\sonarlens
2026-05-06 10:13:02,998 [INFO]         7 files | 1554 lines | Python(6), Markdown(1)
2026-05-06 11:19:04,342 [INFO] Stopping bot...
2026-05-06 11:19:04,373 [INFO] Bot stopped.
